# JRE version: OpenJDK Runtime Environment (21.0.9) (build 21.0.9+-14649483-b1163.86)
# Java VM: OpenJDK 64-Bit Server VM (21.0.9+-14649483-b1163.86, mixed mode, tiered, compressed oops, compressed class ptrs, g1 gc, bsd-aarch64)
GC Precious Log:
 CardTable entry size: 512
 Card Set container configuration: InlinePtr #cards 4 size 8 Array Of Cards #cards 16 size 48 Howl #buckets 8 coarsen threshold 3686 Howl Bitmap #cards 512 size 80 coarsen threshold 460 Card regions per heap region 1 cards per card region 4096
 CPUs: 10 total, 10 available
 Memory: 16384M
 Large Page Support: Disabled
 NUMA Support: Disabled
 Compressed Oops: Enabled (Zero based)
 Heap Region Size: 2M
 Heap Min Capacity: 8M
 Heap Initial Capacity: 256M
 Heap Max Capacity: 4G
 Pre-touch: Disabled
 Parallel Workers: 9
 Concurrent Workers: 2
 Concurrent Refinement Workers: 9
 Periodic GC: Disabled
Heap:
 garbage-first heap   total 143360K, used 81326K [0x0000000700000000, 0x0000000800000000)
  region size 2048K, 2 young (4096K), 1 survivors (2048K)
 Metaspace       used 59212K, committed 59904K, reserved 1114112K
  class space    used 6497K, committed 6784K, reserved 1048576K
GC Heap History (20 events):
Event: 0.625 GC heap before
{Heap before GC invocations=0 (full 0):
 garbage-first heap   total 262144K, used 20480K [0x0000000700000000, 0x0000000800000000)
  region size 2048K, 11 young (22528K), 0 survivors (0K)
 Metaspace       used 14201K, committed 14336K, reserved 1114112K
  class space    used 1253K, committed 1344K, reserved 1048576K
}
Event: 0.627 GC heap after
{Heap after GC invocations=1 (full 0):
 garbage-first heap   total 262144K, used 3842K [0x0000000700000000, 0x0000000800000000)
  region size 2048K, 2 young (4096K), 2 survivors (4096K)
 Metaspace       used 14201K, committed 14336K, reserved 1114112K
  class space    used 1253K, committed 1344K, reserved 1048576K
}
Event: 0.844 GC heap before
{Heap before GC invocations=1 (full 0):
 garbage-first heap   total 262144K, used 22274K [0x0000000700000000, 0x0000000800000000)
  region size 2048K, 12 young (24576K), 2 survivors (4096K)
 Metaspace       used 21323K, committed 21504K, reserved 1114112K
  class space    used 2134K, committed 2240K, reserved 1048576K
}
Event: 0.847 GC heap after
{Heap after GC invocations=2 (full 0):
 garbage-first heap   total 262144K, used 4920K [0x0000000700000000, 0x0000000800000000)
  region size 2048K, 1 young (2048K), 1 survivors (2048K)
 Metaspace       used 21323K, committed 21504K, reserved 1114112K
  class space    used 2134K, committed 2240K, reserved 1048576K
}
Event: 1.049 GC heap before
{Heap before GC invocations=3 (full 0):
 garbage-first heap   total 20480K, used 19256K [0x0000000700000000, 0x0000000800000000)
  region size 2048K, 8 young (16384K), 1 survivors (2048K)
 Metaspace       used 26342K, committed 26560K, reserved 1114112K
  class space    used 2718K, committed 2816K, reserved 1048576K
}
Event: 1.050 GC heap after
{Heap after GC invocations=4 (full 0):
 garbage-first heap   total 22528K, used 5463K [0x0000000700000000, 0x0000000800000000)
  region size 2048K, 1 young (2048K), 1 survivors (2048K)
 Metaspace       used 26342K, committed 26560K, reserved 1114112K
  class space    used 2718K, committed 2816K, reserved 1048576K
}
Event: 1.110 GC heap before
{Heap before GC invocations=4 (full 0):
 garbage-first heap   total 22528K, used 13655K [0x0000000700000000, 0x0000000800000000)
  region size 2048K, 6 young (12288K), 1 survivors (2048K)
 Metaspace       used 28086K, committed 28352K, reserved 1114112K
  class space    used 2905K, committed 3008K, reserved 1048576K
}
Event: 1.112 GC heap after
{Heap after GC invocations=5 (full 0):
 garbage-first heap   total 24576K, used 8332K [0x0000000700000000, 0x0000000800000000)
  region size 2048K, 1 young (2048K), 1 survivors (2048K)
 Metaspace       used 28086K, committed 28352K, reserved 1114112K
  class space    used 2905K, committed 3008K, reserved 1048576K
}
Event: 1.917 GC heap before
{Heap before GC invocations=5 (full 0):
 garbage-first heap   total 24576K, used 18572K [0x0000000700000000, 0x0000000800000000)
  region size 2048K, 6 young (12288K), 1 survivors (2048K)
 Metaspace       used 31438K, committed 31744K, reserved 1114112K
  class space    used 3274K, committed 3392K, reserved 1048576K
}
Event: 1.918 GC heap after
{Heap after GC invocations=6 (full 0):
 garbage-first heap   total 24576K, used 8278K [0x0000000700000000, 0x0000000800000000)
  region size 2048K, 1 young (2048K), 1 survivors (2048K)
 Metaspace       used 31438K, committed 31744K, reserved 1114112K
  class space    used 3274K, committed 3392K, reserved 1048576K
}
Event: 2.001 GC heap before
{Heap before GC invocations=6 (full 0):
 garbage-first heap   total 24576K, used 14422K [0x0000000700000000, 0x0000000800000000)
  region size 2048K, 5 young (10240K), 1 survivors (2048K)
 Metaspace       used 34745K, committed 35136K, reserved 1114112K
  class space    used 3641K, committed 3776K, reserved 1048576K
}
Event: 2.003 GC heap after
{Heap after GC invocations=7 (full 0):
 garbage-first heap   total 24576K, used 8897K [0x0000000700000000, 0x0000000800000000)
  region size 2048K, 1 young (2048K), 1 survivors (2048K)
 Metaspace       used 34745K, committed 35136K, reserved 1114112K
  class space    used 3641K, committed 3776K, reserved 1048576K
}
Event: 2.039 GC heap before
{Heap before GC invocations=7 (full 0):
 garbage-first heap   total 24576K, used 10945K [0x0000000700000000, 0x0000000800000000)
  region size 2048K, 3 young (6144K), 1 survivors (2048K)
 Metaspace       used 35585K, committed 35968K, reserved 1114112K
  class space    used 3723K, committed 3904K, reserved 1048576K
}
Event: 2.039 GC heap after
{Heap after GC invocations=8 (full 0):
 garbage-first heap   total 24576K, used 9200K [0x0000000700000000, 0x0000000800000000)
  region size 2048K, 1 young (2048K), 1 survivors (2048K)
 Metaspace       used 35585K, committed 35968K, reserved 1114112K
  class space    used 3723K, committed 3904K, reserved 1048576K
}
Event: 2.096 GC heap before
{Heap before GC invocations=9 (full 0):
 garbage-first heap   total 24576K, used 17392K [0x0000000700000000, 0x0000000800000000)
  region size 2048K, 5 young (10240K), 1 survivors (2048K)
 Metaspace       used 37531K, committed 37888K, reserved 1114112K
  class space    used 3992K, committed 4160K, reserved 1048576K
}
Event: 2.098 GC heap after
{Heap after GC invocations=10 (full 0):
 garbage-first heap   total 143360K, used 9454K [0x0000000700000000, 0x0000000800000000)
  region size 2048K, 1 young (2048K), 1 survivors (2048K)
 Metaspace       used 37531K, committed 37888K, reserved 1114112K
  class space    used 3992K, committed 4160K, reserved 1048576K
}
Event: 14.573 GC heap before
{Heap before GC invocations=10 (full 0):
 garbage-first heap   total 143360K, used 91374K [0x0000000700000000, 0x0000000800000000)
  region size 2048K, 42 young (86016K), 1 survivors (2048K)
 Metaspace       used 57746K, committed 58368K, reserved 1114112K
  class space    used 6339K, committed 6592K, reserved 1048576K
}
Event: 14.583 GC heap after
{Heap after GC invocations=11 (full 0):
 garbage-first heap   total 143360K, used 15927K [0x0000000700000000, 0x0000000800000000)
  region size 2048K, 4 young (8192K), 4 survivors (8192K)
 Metaspace       used 57746K, committed 58368K, reserved 1114112K
  class space    used 6339K, committed 6592K, reserved 1048576K
}
Event: 22.976 GC heap before
{Heap before GC invocations=11 (full 0):
 garbage-first heap   total 143360K, used 60983K [0x0000000700000000, 0x0000000800000000)
  region size 2048K, 11 young (22528K), 4 survivors (8192K)
 Metaspace       used 59055K, committed 59712K, reserved 1114112K
  class space    used 6477K, committed 6784K, reserved 1048576K
}
Event: 22.982 GC heap after
{Heap after GC invocations=12 (full 0):
 garbage-first heap   total 143360K, used 49412K [0x0000000700000000, 0x0000000800000000)
  region size 2048K, 1 young (2048K), 1 survivors (2048K)
 Metaspace       used 59055K, committed 59712K, reserved 1114112K
  class space    used 6477K, committed 6784K, reserved 1048576K
}

